0 info it worked if it ends with ok
1 verbose cli [ 'C:\\Program Files\\nodejs\\node.exe',
1 verbose cli   'C:\\Program Files\\nodejs\\node_modules\\npm\\bin\\npm-cli.js',
1 verbose cli   'start' ]
2 info using npm@3.8.6
3 info using node@v5.12.0
4 verbose run-script [ 'prestart', 'start', 'poststart' ]
5 info lifecycle my-bank@0.0.1~prestart: my-bank@0.0.1
6 silly lifecycle my-bank@0.0.1~prestart: no script for prestart, continuing
7 info lifecycle my-bank@0.0.1~start: my-bank@0.0.1
8 verbose lifecycle my-bank@0.0.1~start: unsafe-perm in lifecycle true
9 verbose lifecycle my-bank@0.0.1~start: PATH: C:\Users\yshaeldev\AppData\Roaming\nvm\v5.12.0\node_modules\npm\bin\node-gyp-bin;C:\Users\yshaeldev\Desktop\yshrael\NodeJs\MyBank\node_modules\.bin;C:\Program Files\nodejs;C:\Windows\system32;C:\Windows;C:\Windows\System32\Wbem;C:\Windows\System32\WindowsPowerShell\v1.0\;C:\Windows\System32\OpenSSH\;C:\Program Files\Git\cmd;C:\Users\yshaeldev\AppData\Roaming\nvm;C:\Program Files\nodejs;C:\Program Files\nodejs\;C:\MinGW\bin;C:\Program Files\Microsoft SQL Server\150\Tools\Binn\;C:\Program Files\Microsoft SQL Server\Client SDK\ODBC\170\Tools\Binn\;C:\Program Files\dotnet\;C:\Users\yshaeldev\AppData\Local\Microsoft\WindowsApps;C:\Users\yshaeldev\AppData\Local\Programs\Microsoft VS Code\bin;C:\Users\yshaeldev\AppData\Roaming\nvm;C:\Program Files\nodejs;C:\Users\yshaeldev\AppData\Roaming\npm;C:\Users\yshaeldev\.dotnet\tools;C:\Windows\Microsoft.NET\Framework\v4.0.30319;C:\Program Files\Mongodb\3.4\bin;
10 verbose lifecycle my-bank@0.0.1~start: CWD: C:\Users\yshaeldev\Desktop\yshrael\NodeJs\MyBank
11 silly lifecycle my-bank@0.0.1~start: Args: [ '/d /s /c', 'node index' ]
12 silly lifecycle my-bank@0.0.1~start: Returned: code: 1  signal: null
13 info lifecycle my-bank@0.0.1~start: Failed to exec start script
14 verbose stack Error: my-bank@0.0.1 start: `node index`
14 verbose stack Exit status 1
14 verbose stack     at EventEmitter.<anonymous> (C:\Users\yshaeldev\AppData\Roaming\nvm\v5.12.0\node_modules\npm\lib\utils\lifecycle.js:239:16)
14 verbose stack     at emitTwo (events.js:100:13)
14 verbose stack     at EventEmitter.emit (events.js:185:7)
14 verbose stack     at ChildProcess.<anonymous> (C:\Users\yshaeldev\AppData\Roaming\nvm\v5.12.0\node_modules\npm\lib\utils\spawn.js:24:14)
14 verbose stack     at emitTwo (events.js:100:13)
14 verbose stack     at ChildProcess.emit (events.js:185:7)
14 verbose stack     at maybeClose (internal/child_process.js:850:16)
14 verbose stack     at Process.ChildProcess._handle.onexit (internal/child_process.js:215:5)
15 verbose pkgid my-bank@0.0.1
16 verbose cwd C:\Users\yshaeldev\Desktop\yshrael\NodeJs\MyBank
17 error Windows_NT 10.0.19045
18 error argv "C:\\Program Files\\nodejs\\node.exe" "C:\\Program Files\\nodejs\\node_modules\\npm\\bin\\npm-cli.js" "start"
19 error node v5.12.0
20 error npm  v3.8.6
21 error code ELIFECYCLE
22 error my-bank@0.0.1 start: `node index`
22 error Exit status 1
23 error Failed at the my-bank@0.0.1 start script 'node index'.
23 error Make sure you have the latest version of node.js and npm installed.
23 error If you do, this is most likely a problem with the my-bank package,
23 error not with npm itself.
23 error Tell the author that this fails on your system:
23 error     node index
23 error You can get information on how to open an issue for this project with:
23 error     npm bugs my-bank
23 error Or if that isn't available, you can get their info via:
23 error     npm owner ls my-bank
23 error There is likely additional logging output above.
24 verbose exit [ 1, true ]
